
> Configure project :app
WARNING: Using flatDir should be avoided because it doesn't support any meta-data formats.

> Configure project :capacitor-cordova-android-plugins
WARNING: Using flatDir should be avoided because it doesn't support any meta-data formats.

> Task :app:preBuild UP-TO-DATE
> Task :app:preReleaseBuild UP-TO-DATE
> Task :app:mergeReleaseJniLibFolders UP-TO-DATE
> Task :capacitor-android:preBuild UP-TO-DATE
> Task :capacitor-android:preReleaseBuild UP-TO-DATE
> Task :capacitor-android:mergeReleaseJniLibFolders UP-TO-DATE
> Task :capacitor-android:mergeReleaseNativeLibs NO-SOURCE
> Task :capacitor-android:copyReleaseJniLibsProjectOnly UP-TO-DATE
> Task :capacitor-app:preBuild UP-TO-DATE
> Task :capacitor-app:preReleaseBuild UP-TO-DATE
> Task :capacitor-app:mergeReleaseJniLibFolders UP-TO-DATE
> Task :capacitor-app:mergeReleaseNativeLibs NO-SOURCE
> Task :capacitor-app:copyReleaseJniLibsProjectOnly UP-TO-DATE
> Task :capacitor-cordova-android-plugins:preBuild UP-TO-DATE
> Task :capacitor-cordova-android-plugins:preReleaseBuild UP-TO-DATE
> Task :capacitor-cordova-android-plugins:mergeReleaseJniLibFolders UP-TO-DATE
> Task :capacitor-cordova-android-plugins:mergeReleaseNativeLibs NO-SOURCE
> Task :capacitor-cordova-android-plugins:copyReleaseJniLibsProjectOnly UP-TO-DATE
> Task :capacitor-filesystem:preBuild UP-TO-DATE
> Task :capacitor-filesystem:preReleaseBuild UP-TO-DATE
> Task :capacitor-filesystem:mergeReleaseJniLibFolders UP-TO-DATE
> Task :capacitor-filesystem:mergeReleaseNativeLibs NO-SOURCE
> Task :capacitor-filesystem:copyReleaseJniLibsProjectOnly UP-TO-DATE
> Task :capacitor-haptics:preBuild UP-TO-DATE
> Task :capacitor-haptics:preReleaseBuild UP-TO-DATE
> Task :capacitor-haptics:mergeReleaseJniLibFolders UP-TO-DATE
> Task :capacitor-haptics:mergeReleaseNativeLibs NO-SOURCE
> Task :capacitor-haptics:copyReleaseJniLibsProjectOnly UP-TO-DATE
> Task :capacitor-local-notifications:preBuild UP-TO-DATE
> Task :capacitor-local-notifications:preReleaseBuild UP-TO-DATE
> Task :capacitor-local-notifications:mergeReleaseJniLibFolders UP-TO-DATE
> Task :capacitor-local-notifications:mergeReleaseNativeLibs NO-SOURCE
> Task :capacitor-local-notifications:copyReleaseJniLibsProjectOnly UP-TO-DATE
> Task :capacitor-network:preBuild UP-TO-DATE
> Task :capacitor-network:preReleaseBuild UP-TO-DATE
> Task :capacitor-network:mergeReleaseJniLibFolders UP-TO-DATE
> Task :capacitor-network:mergeReleaseNativeLibs NO-SOURCE
> Task :capacitor-network:copyReleaseJniLibsProjectOnly UP-TO-DATE
> Task :capacitor-status-bar:preBuild UP-TO-DATE
> Task :capacitor-status-bar:preReleaseBuild UP-TO-DATE
> Task :capacitor-status-bar:mergeReleaseJniLibFolders UP-TO-DATE
> Task :capacitor-status-bar:mergeReleaseNativeLibs NO-SOURCE
> Task :capacitor-status-bar:copyReleaseJniLibsProjectOnly UP-TO-DATE
> Task :app:mergeReleaseNativeLibs NO-SOURCE
> Task :app:stripReleaseDebugSymbols NO-SOURCE
> Task :app:extractReleaseNativeSymbolTables NO-SOURCE
> Task :app:mergeReleaseNativeDebugMetadata NO-SOURCE
> Task :capacitor-android:generateReleaseResValues UP-TO-DATE
> Task :capacitor-android:generateReleaseResources UP-TO-DATE
> Task :capacitor-android:packageReleaseResources UP-TO-DATE
> Task :capacitor-android:processReleaseNavigationResources UP-TO-DATE
> Task :capacitor-android:parseReleaseLocalResources UP-TO-DATE
> Task :capacitor-android:generateReleaseRFile UP-TO-DATE
> Task :capacitor-android:javaPreCompileRelease UP-TO-DATE
> Task :capacitor-android:compileReleaseJavaWithJavac UP-TO-DATE
> Task :capacitor-android:bundleLibCompileToJarRelease UP-TO-DATE
> Task :capacitor-app:generateReleaseResValues UP-TO-DATE
> Task :capacitor-app:generateReleaseResources UP-TO-DATE
> Task :capacitor-app:packageReleaseResources UP-TO-DATE
> Task :capacitor-app:processReleaseNavigationResources UP-TO-DATE
> Task :capacitor-app:parseReleaseLocalResources UP-TO-DATE
> Task :capacitor-app:generateReleaseRFile UP-TO-DATE
> Task :capacitor-app:javaPreCompileRelease UP-TO-DATE
> Task :capacitor-app:compileReleaseJavaWithJavac UP-TO-DATE
> Task :capacitor-app:mergeReleaseGeneratedProguardFiles UP-TO-DATE
> Task :capacitor-app:exportReleaseConsumerProguardFiles UP-TO-DATE
> Task :capacitor-filesystem:checkKotlinGradlePluginConfigurationErrors SKIPPED
> Task :capacitor-filesystem:generateReleaseResValues UP-TO-DATE
> Task :capacitor-filesystem:generateReleaseResources UP-TO-DATE
> Task :capacitor-filesystem:packageReleaseResources UP-TO-DATE
> Task :capacitor-filesystem:processReleaseNavigationResources UP-TO-DATE
> Task :capacitor-filesystem:parseReleaseLocalResources UP-TO-DATE
> Task :capacitor-filesystem:generateReleaseRFile UP-TO-DATE
> Task :capacitor-filesystem:compileReleaseKotlin UP-TO-DATE
> Task :capacitor-filesystem:javaPreCompileRelease UP-TO-DATE
> Task :capacitor-filesystem:compileReleaseJavaWithJavac NO-SOURCE
> Task :capacitor-filesystem:mergeReleaseGeneratedProguardFiles UP-TO-DATE
> Task :capacitor-filesystem:exportReleaseConsumerProguardFiles UP-TO-DATE
> Task :capacitor-haptics:generateReleaseResValues UP-TO-DATE
> Task :capacitor-haptics:generateReleaseResources UP-TO-DATE
> Task :capacitor-haptics:packageReleaseResources UP-TO-DATE
> Task :capacitor-haptics:processReleaseNavigationResources UP-TO-DATE
> Task :capacitor-haptics:parseReleaseLocalResources UP-TO-DATE
> Task :capacitor-haptics:generateReleaseRFile UP-TO-DATE
> Task :capacitor-haptics:javaPreCompileRelease UP-TO-DATE
> Task :capacitor-haptics:compileReleaseJavaWithJavac UP-TO-DATE
> Task :capacitor-haptics:mergeReleaseGeneratedProguardFiles UP-TO-DATE
> Task :capacitor-haptics:exportReleaseConsumerProguardFiles UP-TO-DATE
> Task :capacitor-local-notifications:generateReleaseResValues UP-TO-DATE
> Task :capacitor-local-notifications:generateReleaseResources UP-TO-DATE
> Task :capacitor-local-notifications:packageReleaseResources UP-TO-DATE
> Task :capacitor-local-notifications:processReleaseNavigationResources UP-TO-DATE
> Task :capacitor-local-notifications:parseReleaseLocalResources UP-TO-DATE
> Task :capacitor-local-notifications:generateReleaseRFile UP-TO-DATE
> Task :capacitor-local-notifications:javaPreCompileRelease UP-TO-DATE
> Task :capacitor-local-notifications:compileReleaseJavaWithJavac UP-TO-DATE
> Task :capacitor-local-notifications:mergeReleaseGeneratedProguardFiles UP-TO-DATE
> Task :capacitor-local-notifications:exportReleaseConsumerProguardFiles UP-TO-DATE
> Task :capacitor-network:generateReleaseResValues UP-TO-DATE
> Task :capacitor-network:generateReleaseResources UP-TO-DATE
> Task :capacitor-network:packageReleaseResources UP-TO-DATE
> Task :capacitor-network:processReleaseNavigationResources UP-TO-DATE
> Task :capacitor-network:parseReleaseLocalResources UP-TO-DATE
> Task :capacitor-network:generateReleaseRFile UP-TO-DATE
> Task :capacitor-network:javaPreCompileRelease UP-TO-DATE
> Task :capacitor-network:compileReleaseJavaWithJavac UP-TO-DATE
> Task :capacitor-network:mergeReleaseGeneratedProguardFiles UP-TO-DATE
> Task :capacitor-network:exportReleaseConsumerProguardFiles UP-TO-DATE
> Task :capacitor-status-bar:generateReleaseResValues UP-TO-DATE
> Task :capacitor-status-bar:generateReleaseResources UP-TO-DATE
> Task :capacitor-status-bar:packageReleaseResources UP-TO-DATE
> Task :capacitor-status-bar:processReleaseNavigationResources UP-TO-DATE
> Task :capacitor-status-bar:parseReleaseLocalResources UP-TO-DATE
> Task :capacitor-status-bar:generateReleaseRFile UP-TO-DATE
> Task :capacitor-status-bar:javaPreCompileRelease UP-TO-DATE
> Task :capacitor-status-bar:compileReleaseJavaWithJavac UP-TO-DATE
> Task :capacitor-status-bar:mergeReleaseGeneratedProguardFiles UP-TO-DATE
> Task :capacitor-status-bar:exportReleaseConsumerProguardFiles UP-TO-DATE
> Task :capacitor-android:mergeReleaseGeneratedProguardFiles UP-TO-DATE
> Task :capacitor-android:exportReleaseConsumerProguardFiles UP-TO-DATE
> Task :capacitor-cordova-android-plugins:generateReleaseResValues UP-TO-DATE
> Task :capacitor-cordova-android-plugins:generateReleaseResources UP-TO-DATE
> Task :capacitor-cordova-android-plugins:packageReleaseResources UP-TO-DATE
> Task :capacitor-cordova-android-plugins:processReleaseNavigationResources UP-TO-DATE
> Task :capacitor-cordova-android-plugins:parseReleaseLocalResources UP-TO-DATE
> Task :capacitor-cordova-android-plugins:generateReleaseRFile UP-TO-DATE
> Task :capacitor-cordova-android-plugins:javaPreCompileRelease UP-TO-DATE
> Task :capacitor-cordova-android-plugins:compileReleaseJavaWithJavac NO-SOURCE
> Task :capacitor-cordova-android-plugins:mergeReleaseGeneratedProguardFiles UP-TO-DATE
> Task :capacitor-cordova-android-plugins:exportReleaseConsumerProguardFiles UP-TO-DATE
> Task :app:checkReleaseDuplicateClasses UP-TO-DATE
> Task :app:javaPreCompileRelease UP-TO-DATE
> Task :capacitor-android:writeReleaseAarMetadata UP-TO-DATE
> Task :capacitor-app:writeReleaseAarMetadata UP-TO-DATE
> Task :capacitor-cordova-android-plugins:writeReleaseAarMetadata UP-TO-DATE
> Task :capacitor-filesystem:writeReleaseAarMetadata UP-TO-DATE
> Task :capacitor-haptics:writeReleaseAarMetadata UP-TO-DATE
> Task :capacitor-local-notifications:writeReleaseAarMetadata UP-TO-DATE
> Task :capacitor-network:writeReleaseAarMetadata UP-TO-DATE
> Task :capacitor-status-bar:writeReleaseAarMetadata UP-TO-DATE
> Task :app:checkReleaseAarMetadata UP-TO-DATE
> Task :app:processReleaseNavigationResources UP-TO-DATE
> Task :app:compileReleaseNavigationResources UP-TO-DATE
> Task :app:generateReleaseResValues UP-TO-DATE
> Task :app:mapReleaseSourceSetPaths UP-TO-DATE
> Task :app:generateReleaseResources UP-TO-DATE
> Task :app:mergeReleaseResources UP-TO-DATE
> Task :app:packageReleaseResources UP-TO-DATE
> Task :app:parseReleaseLocalResources UP-TO-DATE
> Task :app:createReleaseCompatibleScreenManifests UP-TO-DATE
> Task :app:extractDeepLinksRelease UP-TO-DATE
> Task :capacitor-android:extractDeepLinksRelease UP-TO-DATE
> Task :capacitor-android:processReleaseManifest UP-TO-DATE
> Task :capacitor-app:extractDeepLinksRelease UP-TO-DATE
> Task :capacitor-app:processReleaseManifest UP-TO-DATE
> Task :capacitor-cordova-android-plugins:extractDeepLinksRelease UP-TO-DATE
> Task :capacitor-cordova-android-plugins:processReleaseManifest UP-TO-DATE
> Task :capacitor-filesystem:extractDeepLinksRelease UP-TO-DATE
> Task :capacitor-filesystem:processReleaseManifest UP-TO-DATE
> Task :capacitor-haptics:extractDeepLinksRelease UP-TO-DATE
> Task :capacitor-haptics:processReleaseManifest UP-TO-DATE
> Task :capacitor-local-notifications:extractDeepLinksRelease UP-TO-DATE
> Task :capacitor-local-notifications:processReleaseManifest UP-TO-DATE
> Task :capacitor-network:extractDeepLinksRelease UP-TO-DATE
> Task :capacitor-network:processReleaseManifest UP-TO-DATE
> Task :capacitor-status-bar:extractDeepLinksRelease UP-TO-DATE
> Task :capacitor-status-bar:processReleaseManifest UP-TO-DATE
> Task :app:processReleaseMainManifest UP-TO-DATE
> Task :app:processReleaseManifest UP-TO-DATE
> Task :app:processReleaseManifestForPackage UP-TO-DATE
> Task :app:processReleaseResources UP-TO-DATE
> Task :capacitor-app:bundleLibCompileToJarRelease UP-TO-DATE
> Task :capacitor-cordova-android-plugins:bundleLibCompileToJarRelease UP-TO-DATE
> Task :capacitor-filesystem:bundleLibCompileToJarRelease UP-TO-DATE
> Task :capacitor-haptics:bundleLibCompileToJarRelease UP-TO-DATE
> Task :capacitor-local-notifications:bundleLibCompileToJarRelease UP-TO-DATE
> Task :capacitor-network:bundleLibCompileToJarRelease UP-TO-DATE
> Task :capacitor-status-bar:bundleLibCompileToJarRelease UP-TO-DATE
> Task :app:compileReleaseJavaWithJavac UP-TO-DATE
> Task :capacitor-android:prepareReleaseArtProfile UP-TO-DATE
> Task :capacitor-app:prepareReleaseArtProfile UP-TO-DATE
> Task :capacitor-cordova-android-plugins:prepareReleaseArtProfile UP-TO-DATE
> Task :capacitor-filesystem:prepareReleaseArtProfile UP-TO-DATE
> Task :capacitor-haptics:prepareReleaseArtProfile UP-TO-DATE
> Task :capacitor-local-notifications:prepareReleaseArtProfile UP-TO-DATE
> Task :capacitor-network:prepareReleaseArtProfile UP-TO-DATE
> Task :capacitor-status-bar:prepareReleaseArtProfile UP-TO-DATE
> Task :app:mergeReleaseArtProfile UP-TO-DATE
> Task :capacitor-android:bundleLibRuntimeToJarRelease UP-TO-DATE
> Task :capacitor-app:bundleLibRuntimeToJarRelease UP-TO-DATE
> Task :capacitor-cordova-android-plugins:bundleLibRuntimeToJarRelease UP-TO-DATE
> Task :capacitor-filesystem:bundleLibRuntimeToJarRelease UP-TO-DATE
> Task :capacitor-haptics:bundleLibRuntimeToJarRelease UP-TO-DATE
> Task :capacitor-local-notifications:bundleLibRuntimeToJarRelease UP-TO-DATE
> Task :capacitor-network:bundleLibRuntimeToJarRelease UP-TO-DATE
> Task :capacitor-status-bar:bundleLibRuntimeToJarRelease UP-TO-DATE
> Task :app:expandReleaseArtProfileWildcards UP-TO-DATE
> Task :app:extractProguardFiles UP-TO-DATE
> Task :app:mergeReleaseGeneratedProguardFiles UP-TO-DATE
> Task :app:processReleaseJavaRes NO-SOURCE
> Task :capacitor-android:processReleaseJavaRes NO-SOURCE
> Task :capacitor-app:processReleaseJavaRes NO-SOURCE
> Task :capacitor-cordova-android-plugins:processReleaseJavaRes NO-SOURCE
> Task :capacitor-filesystem:processReleaseJavaRes UP-TO-DATE
> Task :capacitor-haptics:processReleaseJavaRes NO-SOURCE
> Task :capacitor-local-notifications:processReleaseJavaRes NO-SOURCE
> Task :capacitor-network:processReleaseJavaRes NO-SOURCE
> Task :capacitor-status-bar:processReleaseJavaRes NO-SOURCE
> Task :app:mergeReleaseJavaResource UP-TO-DATE
> Task :app:mergeReleaseStartupProfile UP-TO-DATE
> Task :app:minifyReleaseWithR8 UP-TO-DATE
> Task :app:compileReleaseArtProfile UP-TO-DATE
> Task :app:mergeReleaseShaders UP-TO-DATE
> Task :app:compileReleaseShaders NO-SOURCE
> Task :app:generateReleaseAssets UP-TO-DATE
> Task :capacitor-android:mergeReleaseShaders UP-TO-DATE
> Task :capacitor-android:compileReleaseShaders NO-SOURCE
> Task :capacitor-android:generateReleaseAssets UP-TO-DATE
> Task :capacitor-android:mergeReleaseAssets UP-TO-DATE
> Task :capacitor-app:mergeReleaseShaders UP-TO-DATE
> Task :capacitor-app:compileReleaseShaders NO-SOURCE
> Task :capacitor-app:generateReleaseAssets UP-TO-DATE
> Task :capacitor-app:mergeReleaseAssets UP-TO-DATE
> Task :capacitor-cordova-android-plugins:mergeReleaseShaders UP-TO-DATE
> Task :capacitor-cordova-android-plugins:compileReleaseShaders NO-SOURCE
> Task :capacitor-cordova-android-plugins:generateReleaseAssets UP-TO-DATE
> Task :capacitor-cordova-android-plugins:mergeReleaseAssets UP-TO-DATE
> Task :capacitor-filesystem:mergeReleaseShaders UP-TO-DATE
> Task :capacitor-filesystem:compileReleaseShaders NO-SOURCE
> Task :capacitor-filesystem:generateReleaseAssets UP-TO-DATE
> Task :capacitor-filesystem:mergeReleaseAssets UP-TO-DATE
> Task :capacitor-haptics:mergeReleaseShaders UP-TO-DATE
> Task :capacitor-haptics:compileReleaseShaders NO-SOURCE
> Task :capacitor-haptics:generateReleaseAssets UP-TO-DATE
> Task :capacitor-haptics:mergeReleaseAssets UP-TO-DATE
> Task :capacitor-local-notifications:mergeReleaseShaders UP-TO-DATE
> Task :capacitor-local-notifications:compileReleaseShaders NO-SOURCE
> Task :capacitor-local-notifications:generateReleaseAssets UP-TO-DATE
> Task :capacitor-local-notifications:mergeReleaseAssets UP-TO-DATE
> Task :capacitor-network:mergeReleaseShaders UP-TO-DATE
> Task :capacitor-network:compileReleaseShaders NO-SOURCE
> Task :capacitor-network:generateReleaseAssets UP-TO-DATE
> Task :capacitor-network:mergeReleaseAssets UP-TO-DATE
> Task :capacitor-status-bar:mergeReleaseShaders UP-TO-DATE
> Task :capacitor-status-bar:compileReleaseShaders NO-SOURCE
> Task :capacitor-status-bar:generateReleaseAssets UP-TO-DATE
> Task :capacitor-status-bar:mergeReleaseAssets UP-TO-DATE
> Task :app:mergeReleaseAssets UP-TO-DATE
> Task :app:compressReleaseAssets UP-TO-DATE
> Task :app:extractReleaseVersionControlInfo UP-TO-DATE
> Task :capacitor-android:createFullJarRelease UP-TO-DATE
> Task :capacitor-android:extractProguardFiles UP-TO-DATE
> Task :capacitor-android:generateReleaseLintModel UP-TO-DATE
> Task :capacitor-android:prepareLintJarForPublish UP-TO-DATE
> Task :capacitor-app:createFullJarRelease UP-TO-DATE
> Task :capacitor-app:extractProguardFiles UP-TO-DATE
> Task :capacitor-app:generateReleaseLintModel UP-TO-DATE
> Task :capacitor-app:prepareLintJarForPublish UP-TO-DATE
> Task :capacitor-cordova-android-plugins:createFullJarRelease UP-TO-DATE
> Task :capacitor-cordova-android-plugins:extractProguardFiles UP-TO-DATE
> Task :capacitor-cordova-android-plugins:generateReleaseLintModel UP-TO-DATE
> Task :capacitor-cordova-android-plugins:prepareLintJarForPublish UP-TO-DATE
> Task :capacitor-filesystem:createFullJarRelease UP-TO-DATE
> Task :capacitor-filesystem:extractProguardFiles UP-TO-DATE
> Task :capacitor-filesystem:generateReleaseLintModel UP-TO-DATE
> Task :capacitor-filesystem:prepareLintJarForPublish UP-TO-DATE
> Task :capacitor-haptics:createFullJarRelease UP-TO-DATE
> Task :capacitor-haptics:extractProguardFiles UP-TO-DATE
> Task :capacitor-haptics:generateReleaseLintModel UP-TO-DATE
> Task :capacitor-haptics:prepareLintJarForPublish UP-TO-DATE
> Task :capacitor-local-notifications:createFullJarRelease UP-TO-DATE
> Task :capacitor-local-notifications:extractProguardFiles UP-TO-DATE
> Task :capacitor-local-notifications:generateReleaseLintModel UP-TO-DATE
> Task :capacitor-local-notifications:prepareLintJarForPublish UP-TO-DATE
> Task :capacitor-network:createFullJarRelease UP-TO-DATE
> Task :capacitor-network:extractProguardFiles UP-TO-DATE
> Task :capacitor-network:generateReleaseLintModel UP-TO-DATE
> Task :capacitor-network:prepareLintJarForPublish UP-TO-DATE
> Task :capacitor-status-bar:createFullJarRelease UP-TO-DATE
> Task :capacitor-status-bar:extractProguardFiles UP-TO-DATE
> Task :capacitor-status-bar:generateReleaseLintModel UP-TO-DATE
> Task :capacitor-status-bar:prepareLintJarForPublish UP-TO-DATE
> Task :app:generateReleaseLintVitalReportModel UP-TO-DATE
> Task :capacitor-app:checkReleaseAarMetadata UP-TO-DATE
> Task :capacitor-app:stripReleaseDebugSymbols NO-SOURCE
> Task :capacitor-app:copyReleaseJniLibsProjectAndLocalJars UP-TO-DATE
> Task :capacitor-app:extractDeepLinksForAarRelease UP-TO-DATE
> Task :capacitor-app:extractReleaseAnnotations UP-TO-DATE
> Task :capacitor-app:mergeReleaseConsumerProguardFiles UP-TO-DATE
> Task :capacitor-app:mergeReleaseJavaResource UP-TO-DATE
> Task :capacitor-app:syncReleaseLibJars UP-TO-DATE
> Task :capacitor-app:bundleReleaseLocalLintAar UP-TO-DATE
> Task :capacitor-filesystem:checkReleaseAarMetadata UP-TO-DATE
> Task :capacitor-filesystem:stripReleaseDebugSymbols NO-SOURCE
> Task :capacitor-filesystem:copyReleaseJniLibsProjectAndLocalJars UP-TO-DATE
> Task :capacitor-filesystem:extractDeepLinksForAarRelease UP-TO-DATE
> Task :capacitor-filesystem:extractReleaseAnnotations UP-TO-DATE
> Task :capacitor-filesystem:mergeReleaseConsumerProguardFiles UP-TO-DATE
> Task :capacitor-filesystem:mergeReleaseJavaResource UP-TO-DATE
> Task :capacitor-filesystem:syncReleaseLibJars UP-TO-DATE
> Task :capacitor-filesystem:bundleReleaseLocalLintAar UP-TO-DATE
> Task :capacitor-haptics:checkReleaseAarMetadata UP-TO-DATE
> Task :capacitor-haptics:stripReleaseDebugSymbols NO-SOURCE
> Task :capacitor-haptics:copyReleaseJniLibsProjectAndLocalJars UP-TO-DATE
> Task :capacitor-haptics:extractDeepLinksForAarRelease UP-TO-DATE
> Task :capacitor-haptics:extractReleaseAnnotations UP-TO-DATE
> Task :capacitor-haptics:mergeReleaseConsumerProguardFiles UP-TO-DATE
> Task :capacitor-haptics:mergeReleaseJavaResource UP-TO-DATE
> Task :capacitor-haptics:syncReleaseLibJars UP-TO-DATE
> Task :capacitor-haptics:bundleReleaseLocalLintAar UP-TO-DATE
> Task :capacitor-local-notifications:checkReleaseAarMetadata UP-TO-DATE
> Task :capacitor-local-notifications:stripReleaseDebugSymbols NO-SOURCE
> Task :capacitor-local-notifications:copyReleaseJniLibsProjectAndLocalJars UP-TO-DATE
> Task :capacitor-local-notifications:extractDeepLinksForAarRelease UP-TO-DATE
> Task :capacitor-local-notifications:extractReleaseAnnotations UP-TO-DATE
> Task :capacitor-local-notifications:mergeReleaseConsumerProguardFiles UP-TO-DATE
> Task :capacitor-local-notifications:mergeReleaseJavaResource UP-TO-DATE
> Task :capacitor-local-notifications:syncReleaseLibJars UP-TO-DATE
> Task :capacitor-local-notifications:bundleReleaseLocalLintAar UP-TO-DATE
> Task :capacitor-network:checkReleaseAarMetadata UP-TO-DATE
> Task :capacitor-network:stripReleaseDebugSymbols NO-SOURCE
> Task :capacitor-network:copyReleaseJniLibsProjectAndLocalJars UP-TO-DATE
> Task :capacitor-network:extractDeepLinksForAarRelease UP-TO-DATE
> Task :capacitor-network:extractReleaseAnnotations UP-TO-DATE
> Task :capacitor-network:mergeReleaseConsumerProguardFiles UP-TO-DATE
> Task :capacitor-network:mergeReleaseJavaResource UP-TO-DATE
> Task :capacitor-network:syncReleaseLibJars UP-TO-DATE
> Task :capacitor-network:bundleReleaseLocalLintAar UP-TO-DATE
> Task :capacitor-status-bar:checkReleaseAarMetadata UP-TO-DATE
> Task :capacitor-status-bar:stripReleaseDebugSymbols NO-SOURCE
> Task :capacitor-status-bar:copyReleaseJniLibsProjectAndLocalJars UP-TO-DATE
> Task :capacitor-status-bar:extractDeepLinksForAarRelease UP-TO-DATE
> Task :capacitor-status-bar:extractReleaseAnnotations UP-TO-DATE
> Task :capacitor-status-bar:mergeReleaseConsumerProguardFiles UP-TO-DATE
> Task :capacitor-status-bar:mergeReleaseJavaResource UP-TO-DATE
> Task :capacitor-status-bar:syncReleaseLibJars UP-TO-DATE
> Task :capacitor-status-bar:bundleReleaseLocalLintAar UP-TO-DATE
> Task :capacitor-android:checkReleaseAarMetadata UP-TO-DATE
> Task :capacitor-android:stripReleaseDebugSymbols NO-SOURCE
> Task :capacitor-android:copyReleaseJniLibsProjectAndLocalJars UP-TO-DATE
> Task :capacitor-android:extractDeepLinksForAarRelease UP-TO-DATE
> Task :capacitor-android:extractReleaseAnnotations UP-TO-DATE
> Task :capacitor-android:mergeReleaseConsumerProguardFiles UP-TO-DATE
> Task :capacitor-android:mergeReleaseJavaResource UP-TO-DATE
> Task :capacitor-android:syncReleaseLibJars UP-TO-DATE
> Task :capacitor-android:bundleReleaseLocalLintAar UP-TO-DATE
> Task :capacitor-cordova-android-plugins:checkReleaseAarMetadata UP-TO-DATE
> Task :capacitor-cordova-android-plugins:stripReleaseDebugSymbols NO-SOURCE
> Task :capacitor-cordova-android-plugins:copyReleaseJniLibsProjectAndLocalJars UP-TO-DATE
> Task :capacitor-cordova-android-plugins:extractDeepLinksForAarRelease UP-TO-DATE
> Task :capacitor-cordova-android-plugins:extractReleaseAnnotations UP-TO-DATE
> Task :capacitor-cordova-android-plugins:mergeReleaseConsumerProguardFiles UP-TO-DATE
> Task :capacitor-cordova-android-plugins:mergeReleaseJavaResource UP-TO-DATE
> Task :capacitor-cordova-android-plugins:syncReleaseLibJars UP-TO-DATE
> Task :capacitor-cordova-android-plugins:bundleReleaseLocalLintAar UP-TO-DATE
> Task :capacitor-android:writeReleaseLintModelMetadata UP-TO-DATE
> Task :capacitor-app:writeReleaseLintModelMetadata UP-TO-DATE
> Task :capacitor-cordova-android-plugins:writeReleaseLintModelMetadata UP-TO-DATE
> Task :capacitor-filesystem:writeReleaseLintModelMetadata UP-TO-DATE
> Task :capacitor-haptics:writeReleaseLintModelMetadata UP-TO-DATE
> Task :capacitor-local-notifications:writeReleaseLintModelMetadata UP-TO-DATE
> Task :capacitor-network:writeReleaseLintModelMetadata UP-TO-DATE
> Task :capacitor-status-bar:writeReleaseLintModelMetadata UP-TO-DATE
> Task :capacitor-android:generateReleaseLintVitalModel UP-TO-DATE
> Task :capacitor-app:generateReleaseLintVitalModel UP-TO-DATE
> Task :capacitor-cordova-android-plugins:generateReleaseLintVitalModel UP-TO-DATE
> Task :capacitor-filesystem:generateReleaseLintVitalModel UP-TO-DATE
> Task :capacitor-haptics:generateReleaseLintVitalModel UP-TO-DATE
> Task :capacitor-local-notifications:generateReleaseLintVitalModel UP-TO-DATE
> Task :capacitor-network:generateReleaseLintVitalModel UP-TO-DATE
> Task :capacitor-status-bar:generateReleaseLintVitalModel UP-TO-DATE
> Task :app:convertShrunkResourcesToBinaryRelease UP-TO-DATE
> Task :app:optimizeReleaseResources UP-TO-DATE
> Task :app:collectReleaseDependencies UP-TO-DATE
> Task :app:sdkReleaseDependencyData UP-TO-DATE
> Task :app:validateSigningRelease UP-TO-DATE
> Task :app:writeReleaseAppMetadata UP-TO-DATE
> Task :app:writeReleaseSigningConfigVersions UP-TO-DATE
> Task :capacitor-android:bundleReleaseAar UP-TO-DATE
> Task :capacitor-android:mapReleaseSourceSetPaths UP-TO-DATE
> Task :capacitor-android:mergeReleaseResources UP-TO-DATE
> Task :capacitor-android:verifyReleaseResources UP-TO-DATE
> Task :capacitor-android:assembleRelease UP-TO-DATE
> Task :capacitor-app:bundleReleaseAar UP-TO-DATE
> Task :capacitor-android:compileReleaseLibraryResources UP-TO-DATE
> Task :capacitor-app:mapReleaseSourceSetPaths UP-TO-DATE
> Task :capacitor-app:mergeReleaseResources UP-TO-DATE
> Task :capacitor-app:verifyReleaseResources UP-TO-DATE
> Task :capacitor-app:assembleRelease UP-TO-DATE
> Task :capacitor-cordova-android-plugins:bundleReleaseAar UP-TO-DATE
> Task :capacitor-cordova-android-plugins:mapReleaseSourceSetPaths UP-TO-DATE
> Task :capacitor-cordova-android-plugins:mergeReleaseResources UP-TO-DATE
> Task :capacitor-cordova-android-plugins:verifyReleaseResources UP-TO-DATE
> Task :capacitor-cordova-android-plugins:assembleRelease UP-TO-DATE
> Task :capacitor-filesystem:bundleReleaseAar UP-TO-DATE
> Task :capacitor-filesystem:mapReleaseSourceSetPaths UP-TO-DATE
> Task :capacitor-filesystem:mergeReleaseResources UP-TO-DATE
> Task :capacitor-filesystem:verifyReleaseResources UP-TO-DATE
> Task :capacitor-filesystem:assembleRelease UP-TO-DATE
> Task :capacitor-haptics:bundleReleaseAar UP-TO-DATE
> Task :capacitor-haptics:mapReleaseSourceSetPaths UP-TO-DATE
> Task :capacitor-haptics:mergeReleaseResources UP-TO-DATE
> Task :capacitor-haptics:verifyReleaseResources UP-TO-DATE
> Task :capacitor-haptics:assembleRelease UP-TO-DATE
> Task :capacitor-local-notifications:bundleReleaseAar UP-TO-DATE
> Task :capacitor-local-notifications:mapReleaseSourceSetPaths UP-TO-DATE
> Task :capacitor-app:lintVitalAnalyzeRelease
> Task :capacitor-local-notifications:mergeReleaseResources UP-TO-DATE
> Task :capacitor-local-notifications:verifyReleaseResources UP-TO-DATE
> Task :capacitor-local-notifications:assembleRelease UP-TO-DATE
> Task :capacitor-network:bundleReleaseAar UP-TO-DATE
> Task :capacitor-network:mapReleaseSourceSetPaths UP-TO-DATE
> Task :capacitor-network:mergeReleaseResources UP-TO-DATE
> Task :capacitor-network:verifyReleaseResources UP-TO-DATE
> Task :capacitor-network:assembleRelease UP-TO-DATE
> Task :capacitor-status-bar:bundleReleaseAar UP-TO-DATE
> Task :capacitor-status-bar:mapReleaseSourceSetPaths UP-TO-DATE
> Task :capacitor-status-bar:mergeReleaseResources UP-TO-DATE
> Task :capacitor-status-bar:verifyReleaseResources UP-TO-DATE
> Task :capacitor-status-bar:assembleRelease UP-TO-DATE
> Task :capacitor-cordova-android-plugins:lintVitalAnalyzeRelease
> Task :capacitor-android:lintVitalAnalyzeRelease
> Task :capacitor-haptics:lintVitalAnalyzeRelease
> Task :capacitor-local-notifications:lintVitalAnalyzeRelease
> Task :capacitor-network:lintVitalAnalyzeRelease
> Task :capacitor-status-bar:lintVitalAnalyzeRelease
> Task :capacitor-filesystem:lintVitalAnalyzeRelease
> Task :app:lintVitalAnalyzeRelease
> Task :app:lintVitalReportRelease
> Task :app:lintVitalRelease
> Task :app:packageRelease UP-TO-DATE
> Task :app:createReleaseApkListingFileRedirect UP-TO-DATE
> Task :app:assembleRelease UP-TO-DATE

[Incubating] Problems report is available at: file:///C:/Users/USER/Documents/app-downloader%20next/android/build/reports/problems/problems-report.html

Deprecated Gradle features were used in this build, making it incompatible with Gradle 9.0.

You can use '--warning-mode all' to show the individual deprecation warnings and determine if they come from your own scripts or plugins.

For more on this, please refer to https://docs.gradle.org/8.14.3/userguide/command_line_interface.html#sec:command_line_warnings in the Gradle documentation.

BUILD SUCCESSFUL in 9s
357 actionable tasks: 11 executed, 346 up-to-date
